[debug] [2025-07-18T13:57:21.921Z] ----------------------------------------------------------------------
[debug] [2025-07-18T13:57:21.926Z] Command:       C:\Program Files\nodejs\node.exe C:\Program Files\nodejs\node_modules\firebase-tools\lib\bin\firebase.js deploy
[debug] [2025-07-18T13:57:21.927Z] CLI Version:   14.11.0
[debug] [2025-07-18T13:57:21.927Z] Platform:      win32
[debug] [2025-07-18T13:57:21.927Z] Node Version:  v22.9.0
[debug] [2025-07-18T13:57:21.928Z] Time:          Fri Jul 18 2025 16:57:21 GMT+0300 (Eastern European Summer Time)
[debug] [2025-07-18T13:57:21.929Z] ----------------------------------------------------------------------
[debug] 
[debug] [2025-07-18T13:57:21.934Z] >>> [apiv2][query] GET https://firebase-public.firebaseio.com/cli.json [none]
[debug] [2025-07-18T13:57:22.436Z] > command requires scopes: ["email","openid","https://www.googleapis.com/auth/cloudplatformprojects.readonly","https://www.googleapis.com/auth/firebase","https://www.googleapis.com/auth/cloud-platform"]
[debug] [2025-07-18T13:57:22.437Z] > authorizing via signed-in user (sepeloleksij4@gmail.com)
[debug] [2025-07-18T13:57:22.437Z] [iam] checking project echoes-player-1bb88 for permissions ["firebase.projects.get","firebasehosting.sites.update"]
[debug] [2025-07-18T13:57:22.438Z] Checked if tokens are valid: true, expires at: 1752848223063
[debug] [2025-07-18T13:57:22.439Z] Checked if tokens are valid: true, expires at: 1752848223063
[debug] [2025-07-18T13:57:22.439Z] >>> [apiv2][query] POST https://cloudresourcemanager.googleapis.com/v1/projects/echoes-player-1bb88:testIamPermissions [none]
[debug] [2025-07-18T13:57:22.439Z] >>> [apiv2][(partial)header] POST https://cloudresourcemanager.googleapis.com/v1/projects/echoes-player-1bb88:testIamPermissions x-goog-quota-user=projects/echoes-player-1bb88
[debug] [2025-07-18T13:57:22.439Z] >>> [apiv2][body] POST https://cloudresourcemanager.googleapis.com/v1/projects/echoes-player-1bb88:testIamPermissions {"permissions":["firebase.projects.get","firebasehosting.sites.update"]}
[debug] [2025-07-18T13:57:23.078Z] <<< [apiv2][status] GET https://firebase-public.firebaseio.com/cli.json 200
[debug] [2025-07-18T13:57:23.079Z] <<< [apiv2][body] GET https://firebase-public.firebaseio.com/cli.json {"cloudBuildErrorAfter":1594252800000,"cloudBuildWarnAfter":1590019200000,"defaultNode10After":1594252800000,"minVersion":"3.0.5","node8DeploysDisabledAfter":1613390400000,"node8RuntimeDisabledAfter":1615809600000,"node8WarnAfter":1600128000000}
[debug] [2025-07-18T13:57:23.791Z] <<< [apiv2][status] POST https://cloudresourcemanager.googleapis.com/v1/projects/echoes-player-1bb88:testIamPermissions 200
[debug] [2025-07-18T13:57:23.791Z] <<< [apiv2][body] POST https://cloudresourcemanager.googleapis.com/v1/projects/echoes-player-1bb88:testIamPermissions {"permissions":["firebase.projects.get","firebasehosting.sites.update"]}
[debug] [2025-07-18T13:57:23.791Z] Checked if tokens are valid: true, expires at: 1752848223063
[debug] [2025-07-18T13:57:23.791Z] Checked if tokens are valid: true, expires at: 1752848223063
[debug] [2025-07-18T13:57:23.792Z] >>> [apiv2][query] GET https://firebase.googleapis.com/v1beta1/projects/echoes-player-1bb88 [none]
[debug] [2025-07-18T13:57:24.339Z] <<< [apiv2][status] GET https://firebase.googleapis.com/v1beta1/projects/echoes-player-1bb88 200
